{"level":"DEBUG","ts":"2021-10-26T20:10:47+08:00","caller":"glog/glog_test.go:14","msg":"pvp","pid":"123","tm":3600}
{"level":"WARN","ts":"2021-10-26T20:10:47+08:00","caller":"glog/glog_test.go:15","msg":"pvp","pid":"123","tm":3600}
{"level":"INFO","ts":"2021-10-26T20:10:47+08:00","caller":"glog/glog_test.go:16","msg":"pvp","pid":"123","tm":3600}
{"level":"ERROR","ts":"2021-10-26T20:10:47+08:00","caller":"glog/glog_test.go:17","msg":"pvp","pid":"123","tm":3600}
{"level":"INFO","ts":"2021-10-26T20:10:47+08:00","caller":"glog/glog_test.go:18","msg":"pvp, pid=234"}
{"level":"DEBUG","ts":"2021-10-26T20:10:49+08:00","caller":"glog/glog_test.go:14","msg":"pvp","pid":"123","tm":3600}
{"level":"WARN","ts":"2021-10-26T20:10:49+08:00","caller":"glog/glog_test.go:15","msg":"pvp","pid":"123","tm":3600}
{"level":"INFO","ts":"2021-10-26T20:10:49+08:00","caller":"glog/glog_test.go:16","msg":"pvp","pid":"123","tm":3600}
{"level":"ERROR","ts":"2021-10-26T20:10:49+08:00","caller":"glog/glog_test.go:17","msg":"pvp","pid":"123","tm":3600}
{"level":"INFO","ts":"2021-10-26T20:10:49+08:00","caller":"glog/glog_test.go:18","msg":"pvp, pid=234"}
{"level":"DEBUG","ts":"2021-10-26T20:10:51+08:00","caller":"glog/glog_test.go:14","msg":"pvp","pid":"123","tm":3600}
{"level":"WARN","ts":"2021-10-26T20:10:51+08:00","caller":"glog/glog_test.go:15","msg":"pvp","pid":"123","tm":3600}
{"level":"INFO","ts":"2021-10-26T20:10:51+08:00","caller":"glog/glog_test.go:16","msg":"pvp","pid":"123","tm":3600}
{"level":"ERROR","ts":"2021-10-26T20:10:51+08:00","caller":"glog/glog_test.go:17","msg":"pvp","pid":"123","tm":3600}
{"level":"INFO","ts":"2021-10-26T20:10:51+08:00","caller":"glog/glog_test.go:18","msg":"pvp, pid=234"}
{"level":"DEBUG","ts":"2021-10-26T11:02:59+08:00","caller":"glog/api.go:22","msg":"pvp1","pid":"123","tm":3600}
{"level":"WARN","ts":"2021-10-26T11:02:59+08:00","caller":"glog/api.go:27","msg":"pvp1","pid":"123","tm":3600}
{"level":"INFO","ts":"2021-10-26T11:02:59+08:00","caller":"glog/api.go:17","msg":"pvp1","pid":"123","tm":3600}
{"level":"ERROR","ts":"2021-10-26T11:02:59+08:00","caller":"glog/api.go:32","msg":"pvp1","pid":"123","tm":3600}
{"level":"INFO","ts":"2021-10-26T11:02:59+08:00","caller":"glog/api.go:92","msg":"pvp1, pid=234"}
